<?xml version="1.0" encoding="UTF-8"?>
<testng-results skipped="0" failed="0" ignored="0" total="6" passed="6">
  <reporter-output>
  </reporter-output>
  <suite name="Surefire suite" duration-ms="55" started-at="2019-12-28T11:28:11 CST" finished-at="2019-12-28T11:28:11 CST">
    <groups>
    </groups>
    <test name="Surefire test" duration-ms="55" started-at="2019-12-28T11:28:11 CST" finished-at="2019-12-28T11:28:11 CST">
      <class name="qaclickacademy.AppiumTest">
        <test-method status="PASS" signature="IOSApps()[pri:0, instance:qaclickacademy.AppiumTest@5faeada1]" name="IOSApps" duration-ms="6" started-at="2019-12-28T11:28:11 CST" finished-at="2019-12-28T11:28:11 CST">
          <reporter-output>
          </reporter-output>
        </test-method> <!-- IOSApps -->
        <test-method status="PASS" signature="NativeAPpandroid()[pri:0, instance:qaclickacademy.AppiumTest@5faeada1]" name="NativeAPpandroid" duration-ms="0" started-at="2019-12-28T11:28:11 CST" finished-at="2019-12-28T11:28:11 CST">
          <reporter-output>
          </reporter-output>
        </test-method> <!-- NativeAPpandroid -->
      </class> <!-- qaclickacademy.AppiumTest -->
      <class name="qaclickacademy.RESTAPITest">
        <test-method status="PASS" signature="deleteTwitter()[pri:0, instance:qaclickacademy.RESTAPITest@528931cf]" name="deleteTwitter" duration-ms="1" started-at="2019-12-28T11:28:11 CST" finished-at="2019-12-28T11:28:11 CST">
          <reporter-output>
          </reporter-output>
        </test-method> <!-- deleteTwitter -->
        <test-method status="PASS" signature="postJira()[pri:0, instance:qaclickacademy.RESTAPITest@528931cf]" name="postJira" duration-ms="1" started-at="2019-12-28T11:28:11 CST" finished-at="2019-12-28T11:28:11 CST">
          <reporter-output>
          </reporter-output>
        </test-method> <!-- postJira -->
      </class> <!-- qaclickacademy.RESTAPITest -->
      <class name="qaclickacademy.SeleniumTest">
        <test-method status="PASS" signature="BrowserAUtomation()[pri:0, instance:qaclickacademy.SeleniumTest@ea1a8d5]" name="BrowserAUtomation" duration-ms="0" started-at="2019-12-28T11:28:11 CST" finished-at="2019-12-28T11:28:11 CST">
          <reporter-output>
          </reporter-output>
        </test-method> <!-- BrowserAUtomation -->
        <test-method status="PASS" signature="elementsUI()[pri:0, instance:qaclickacademy.SeleniumTest@ea1a8d5]" name="elementsUI" duration-ms="0" started-at="2019-12-28T11:28:11 CST" finished-at="2019-12-28T11:28:11 CST">
          <reporter-output>
          </reporter-output>
        </test-method> <!-- elementsUI -->
      </class> <!-- qaclickacademy.SeleniumTest -->
    </test> <!-- Surefire test -->
  </suite> <!-- Surefire suite -->
</testng-results>
