<?xml version="1.0" encoding="UTF-8"?>
<testng-results skipped="0" failed="0" ignored="0" total="2" passed="2">
  <reporter-output>
  </reporter-output>
  <suite name="Default suite" duration-ms="34" started-at="2020-05-10T18:12:27 CDT" finished-at="2020-05-10T18:12:27 CDT">
    <groups>
    </groups>
    <test name="Default test" duration-ms="34" started-at="2020-05-10T18:12:27 CDT" finished-at="2020-05-10T18:12:27 CDT">
      <class name="qaclickacademy.AppiumTest">
        <test-method status="PASS" signature="IOSApps()[pri:0, instance:qaclickacademy.AppiumTest@8646db9]" name="IOSApps" duration-ms="7" started-at="2020-05-10T18:12:27 CDT" finished-at="2020-05-10T18:12:27 CDT">
          <reporter-output>
          </reporter-output>
        </test-method> <!-- IOSApps -->
        <test-method status="PASS" signature="NativeAPpandroid()[pri:0, instance:qaclickacademy.AppiumTest@8646db9]" name="NativeAPpandroid" duration-ms="1" started-at="2020-05-10T18:12:27 CDT" finished-at="2020-05-10T18:12:27 CDT">
          <reporter-output>
          </reporter-output>
        </test-method> <!-- NativeAPpandroid -->
      </class> <!-- qaclickacademy.AppiumTest -->
    </test> <!-- Default test -->
  </suite> <!-- Default suite -->
</testng-results>
